GROUP,PACKAGE,CLASS,INSTRUCTION_MISSED,INSTRUCTION_COVERED,BRANCH_MISSED,BRANCH_COVERED,LINE_MISSED,LINE_COVERED,COMPLEXITY_MISSED,COMPLEXITY_COVERED,METHOD_MISSED,METHOD_COVERED
ErisCasper.java,com.github.princesslana.eriscasper.data,ImmutableMessage.Json,35,0,0,0,13,0,9,0,9,0
ErisCasper.java,com.github.princesslana.eriscasper.data,Users,0,22,0,0,0,2,0,2,0,2
ErisCasper.java,com.github.princesslana.eriscasper.data,ImmutableGuildCreateData.Builder,12,0,0,0,3,0,2,0,2,0
ErisCasper.java,com.github.princesslana.eriscasper.data,ImmutableGuildCreateData.Json,3,0,0,0,1,0,1,0,1,0
ErisCasper.java,com.github.princesslana.eriscasper.data,Snowflake,26,37,3,3,7,9,5,5,2,5
ErisCasper.java,com.github.princesslana.eriscasper.data,ImmutableMessage.Builder,87,80,9,1,13,17,7,6,2,6
ErisCasper.java,com.github.princesslana.eriscasper.data,ImmutableMessage,183,96,28,4,37,21,23,9,7,9
ErisCasper.java,com.github.princesslana.eriscasper.data,ImmutableGuildCreateData,47,0,8,0,16,0,12,0,8,0
ErisCasper.java,com.github.princesslana.eriscasper.rest,ImmutableSendMessageRequest,57,31,7,3,16,8,10,4,5,4
ErisCasper.java,com.github.princesslana.eriscasper.rest,Route,0,49,0,0,0,15,0,5,0,5
ErisCasper.java,com.github.princesslana.eriscasper.rest,ImmutableGatewayResponse.Builder,71,0,4,0,15,0,7,0,5,0
ErisCasper.java,com.github.princesslana.eriscasper.rest,ImmutableSendMessageRequest.Builder,39,32,3,1,7,8,4,3,2,3
ErisCasper.java,com.github.princesslana.eriscasper.rest,Route.HttpMethod,0,37,0,0,0,7,0,3,0,3
ErisCasper.java,com.github.princesslana.eriscasper.rest,ImmutableGatewayResponse,101,0,12,0,28,0,16,0,10,0
ErisCasper.java,com.github.princesslana.eriscasper.rest,ImmutableRoute.Builder,87,80,9,1,13,17,7,6,2,6
ErisCasper.java,com.github.princesslana.eriscasper.rest,ImmutableGatewayResponse.Json,11,0,0,0,4,0,3,0,3,0
ErisCasper.java,com.github.princesslana.eriscasper.rest,RouteCatalog,4,13,0,0,1,2,1,1,1,1
ErisCasper.java,com.github.princesslana.eriscasper.rest,ImmutableRoute,172,70,17,7,31,17,20,7,8,7
ErisCasper.java,com.github.princesslana.eriscasper.rest,Routes,33,198,1,1,7,47,2,15,1,15
ErisCasper.java,com.github.princesslana.eriscasper.rest,SendMessageRequest,0,5,0,0,0,1,0,1,0,1
ErisCasper.java,com.github.princesslana.eriscasper.gateway,OpCode,12,166,0,2,0,21,1,6,1,5
ErisCasper.java,com.github.princesslana.eriscasper.gateway,SequenceNumber,69,0,6,0,18,0,11,0,8,0
ErisCasper.java,com.github.princesslana.eriscasper.gateway,ImmutablePayload.Json,16,28,0,0,4,12,4,5,4,5
ErisCasper.java,com.github.princesslana.eriscasper.gateway,ImmutableIdentify.Json,4,7,0,0,1,3,1,2,1,2
ErisCasper.java,com.github.princesslana.eriscasper.gateway,SequenceNumber.Json,11,0,0,0,4,0,3,0,3,0
ErisCasper.java,com.github.princesslana.eriscasper.gateway,Payloads,20,104,0,0,2,15,2,14,2,14
ErisCasper.java,com.github.princesslana.eriscasper.gateway,Payloads.ConnectionProperties,0,10,0,0,0,5,0,1,0,1
ErisCasper.java,com.github.princesslana.eriscasper.gateway,ImmutableConnectionProperties.Builder,71,64,7,1,11,14,6,5,2,5
ErisCasper.java,com.github.princesslana.eriscasper.gateway,ImmutableIdentify.Builder,39,32,3,1,7,8,4,3,2,3
ErisCasper.java,com.github.princesslana.eriscasper.gateway,Payload,15,14,0,2,1,2,2,4,2,3
ErisCasper.java,com.github.princesslana.eriscasper.gateway,ImmutableIdentify,73,27,11,1,19,9,12,4,6,4
ErisCasper.java,com.github.princesslana.eriscasper.gateway,Payloads.Identify,0,2,0,0,0,1,0,1,0,1
ErisCasper.java,com.github.princesslana.eriscasper.gateway,SessionId,46,17,6,0,11,5,7,3,4,3
ErisCasper.java,com.github.princesslana.eriscasper.gateway,ImmutableResume,187,0,20,0,40,0,23,0,13,0
ErisCasper.java,com.github.princesslana.eriscasper.gateway,ImmutablePayload,276,72,34,4,46,21,31,7,12,7
ErisCasper.java,com.github.princesslana.eriscasper.gateway,ImmutableConnectionProperties,129,61,14,6,25,15,16,7,6,7
ErisCasper.java,com.github.princesslana.eriscasper.gateway,ImmutableResume.Builder,135,0,8,0,25,0,11,0,7,0
ErisCasper.java,com.github.princesslana.eriscasper.gateway,ImmutablePayload.Builder,77,78,9,1,18,18,8,8,3,8
ErisCasper.java,com.github.princesslana.eriscasper.gateway,Gateway,83,275,5,3,12,64,10,20,6,20
ErisCasper.java,com.github.princesslana.eriscasper.examples,EchoBot,62,0,4,0,19,0,8,0,6,0
ErisCasper.java,com.github.princesslana.eriscasper.examples,PingBot,30,0,2,0,7,0,5,0,4,0
ErisCasper.java,com.github.princesslana.eriscasper.examples,WhoAreYouBot,53,0,2,0,13,0,6,0,5,0
ErisCasper.java,com.github.princesslana.eriscasper,ErisCasperFatalException,16,0,0,0,8,0,4,0,4,0
ErisCasper.java,com.github.princesslana.eriscasper,Bots,0,16,0,0,0,2,0,4,0,4
ErisCasper.java,com.github.princesslana.eriscasper,ImmutableErisCasperInfo.Builder,55,48,5,1,9,11,5,4,2,4
ErisCasper.java,com.github.princesslana.eriscasper,ErisCasper,100,0,0,0,24,0,8,0,8,0
ErisCasper.java,com.github.princesslana.eriscasper,ImmutableErisCasperInfo,125,35,18,2,27,11,19,3,9,3
ErisCasper.java,com.github.princesslana.eriscasper,ErisCasperInfo,6,14,0,0,2,2,0,1,0,1
ErisCasper.java,com.github.princesslana.eriscasper,BotContext,24,42,0,0,3,11,4,6,4,6
ErisCasper.java,com.github.princesslana.eriscasper,BotToken,26,37,3,3,7,9,5,5,2,5
ErisCasper.java,com.github.princesslana.eriscasper,ImmutableErisCasperInfo.Json,8,11,0,0,2,5,2,3,2,3
ErisCasper.java,com.github.princesslana.eriscasper.examples.robot,PingAndEchoRobot,16,14,0,0,3,4,4,1,4,1
ErisCasper.java,com.github.princesslana.eriscasper.event,EventFactoryTuple,129,27,16,0,27,7,16,4,8,4
ErisCasper.java,com.github.princesslana.eriscasper.event,MessageCreate,46,17,6,0,11,5,7,3,4,3
ErisCasper.java,com.github.princesslana.eriscasper.event,EventFactory,0,12,0,0,0,2,0,2,0,2
ErisCasper.java,com.github.princesslana.eriscasper.event,EventType,0,89,0,0,0,13,0,5,0,5
ErisCasper.java,com.github.princesslana.eriscasper.event,GuildCreate,63,0,6,0,16,0,10,0,7,0
ErisCasper.java,com.github.princesslana.eriscasper.util,Jackson,0,29,0,0,0,6,0,1,0,1
ErisCasper.java,com.github.princesslana.eriscasper.util,OkHttp,39,0,0,0,7,0,2,0,2,0
ErisCasper.java,com.github.princesslana.eriscasper.repository.event,UsersFromEvents,0,25,0,0,0,5,0,3,0,3
ErisCasper.java,com.github.princesslana.eriscasper.action,Actions,0,6,0,0,0,1,0,1,0,1
ErisCasper.java,com.github.princesslana.eriscasper.action,ActionTuple,128,26,16,0,27,7,16,4,8,4
ErisCasper.java,com.github.princesslana.eriscasper.api.robot,RobotContext,5,46,0,0,1,9,1,5,1,5
ErisCasper.java,com.github.princesslana.eriscasper.api.robot,Robot,8,204,0,4,4,34,2,26,2,24
ErisCasper.java,com.github.princesslana.eriscasper.rx.websocket,StringMessageTuple,104,53,11,5,23,11,15,5,7,5
ErisCasper.java,com.github.princesslana.eriscasper.rx.websocket,FailureTuple,175,63,16,6,34,12,22,4,11,4
ErisCasper.java,com.github.princesslana.eriscasper.rx.websocket,RxWebSocket.Listener,0,56,0,0,0,16,0,7,0,7
ErisCasper.java,com.github.princesslana.eriscasper.rx.websocket,ClosingTuple,148,59,14,6,30,11,20,4,10,4
ErisCasper.java,com.github.princesslana.eriscasper.rx.websocket,OpenTuple,106,50,11,5,24,10,16,4,8,4
ErisCasper.java,com.github.princesslana.eriscasper.rx.websocket,ClosedTuple,148,59,14,6,30,11,20,4,10,4
ErisCasper.java,com.github.princesslana.eriscasper.rx.websocket,ByteStringMessageTuple,106,50,11,5,24,10,16,4,8,4
ErisCasper.java,com.github.princesslana.eriscasper.rx.websocket,RxWebSocket,0,66,0,0,0,12,0,9,0,9
ErisCasper.java,com.github.princesslana.eriscasper.repository,RepositoryDefinitionTuple,83,14,10,0,21,4,13,2,8,2
ErisCasper.java,com.github.princesslana.eriscasper.repository,RepositoryDefinition,0,4,0,0,0,1,0,1,0,1
ErisCasper.java,com.github.princesslana.eriscasper.repository,RepositoryManager,57,0,2,0,13,0,5,0,4,0
ErisCasper.java,com.github.princesslana.eriscasper.rx,Maybes,2,12,1,1,0,2,1,2,0,2
ErisCasper.java,com.github.princesslana.eriscasper.rx,Singles,0,20,0,0,0,1,0,3,0,3
